<?xml version="1.0" encoding="UTF-8"?>
<testsuite xmlns:xsi="http://www.w3.org/2001/XMLSchema-instance" xsi:noNamespaceSchemaLocation="https://maven.apache.org/surefire/maven-surefire-plugin/xsd/surefire-test-report.xsd" version="3.0.2" name="com.example.demo.DemoApplicationTests" time="6.393" tests="1" errors="0" skipped="0" failures="0">
  <properties>
[...]
</properties>
  <testcase name="contextLoads" classname="com.example.demo.DemoApplicationTests" time="1.433">
    <system-out><![CDATA[02:00:02.988 [main] INFO org.springframework.test.context.support.AnnotationConfigContextLoaderUtils -- Could not detect default configuration classes for test class [com.example.demo.DemoApplicationTests]: DemoApplicationTests does not declare any static, non-private, non-final, nested classes annotated with @Configuration.
02:00:03.162 [main] INFO org.springframework.boot.test.context.SpringBootTestContextBootstrapper -- Found @SpringBootConfiguration com.example.demo.DemoApplication for test class com.example.demo.DemoApplicationTests
02:00:03.546 [main] INFO org.springframework.boot.devtools.restart.RestartApplicationListener -- Restart disabled due to context in which it is running

  .   ____          _            __ _ _
 /\\ / ___'_ __ _ _(_)_ __  __ _ \ \ \ \
( ( )\___ | '_ | '_| | '_ \/ _` | \ \ \ \
 \\/  ___)| |_)| | | | | || (_| |  ) ) ) )
  '  |____| .__|_| |_|_| |_\__, | / / / /
 =========|_|==============|___/=/_/_/_/

 :: Spring Boot ::                (v3.4.5)

2025-04-26T02:00:04.030+05:30  INFO 18816 --- [demo] [           main] com.example.demo.DemoApplicationTests    : Starting DemoApplicationTests using Java 17.0.12 with PID 18816 (started by sanud in F:\New folder (2)\demo1 (2)\demo1\demo)
2025-04-26T02:00:04.033+05:30  INFO 18816 --- [demo] [           main] com.example.demo.DemoApplicationTests    : No active profile set, falling back to 1 default profile: "default"
2025-04-26T02:00:05.217+05:30  INFO 18816 --- [demo] [           main] .s.d.r.c.RepositoryConfigurationDelegate : Bootstrapping Spring Data MongoDB repositories in DEFAULT mode.
2025-04-26T02:00:05.333+05:30  INFO 18816 --- [demo] [           main] .s.d.r.c.RepositoryConfigurationDelegate : Finished Spring Data repository scanning in 100 ms. Found 1 MongoDB repository interface.
2025-04-26T02:00:06.031+05:30  INFO 18816 --- [demo] [kxf.mongodb.net] org.mongodb.driver.cluster               : Adding discovered server cluster0-shard-00-01.fqkxf.mongodb.net:27017 to client view of cluster
2025-04-26T02:00:06.080+05:30  INFO 18816 --- [demo] [           main] org.mongodb.driver.client                : MongoClient with metadata {"application": {"name": "Cluster0"}, "driver": {"name": "mongo-java-driver|sync|spring-boot", "version": "5.2.1"}, "os": {"type": "Windows", "name": "Windows 11", "architecture": "amd64", "version": "10.0"}, "platform": "Java/Oracle Corporation/17.0.12+8-LTS-286"} created with settings MongoClientSettings{readPreference=primary, writeConcern=WriteConcern{w=majority, wTimeout=null ms, journal=null}, retryWrites=true, retryReads=true, readConcern=ReadConcern{level=null}, credential=MongoCredential{mechanism=null, userName='saka55992', source='admin', password=<hidden>, mechanismProperties=<hidden>}, transportSettings=null, commandListeners=[], codecRegistry=ProvidersCodecRegistry{codecProviders=[ValueCodecProvider{}, BsonValueCodecProvider{}, DBRefCodecProvider{}, DBObjectCodecProvider{}, DocumentCodecProvider{}, CollectionCodecProvider{}, IterableCodecProvider{}, MapCodecProvider{}, GeoJsonCodecProvider{}, GridFSFileCodecProvider{}, Jsr310CodecProvider{}, JsonObjectCodecProvider{}, BsonCodecProvider{}, EnumCodecProvider{}, com.mongodb.client.model.mql.ExpressionCodecProvider@3b55dd15, com.mongodb.Jep395RecordCodecProvider@f3560d4, com.mongodb.KotlinCodecProvider@3ba3d4b6]}, loggerSettings=LoggerSettings{maxDocumentLength=1000}, clusterSettings={hosts=[127.0.0.1:27017], srvHost=cluster0.fqkxf.mongodb.net, srvServiceName=mongodb, mode=MULTIPLE, requiredClusterType=REPLICA_SET, requiredReplicaSetName='atlas-11e8sp-shard-0', serverSelector='null', clusterListeners='[]', serverSelectionTimeout='30000 ms', localThreshold='15 ms'}, socketSettings=SocketSettings{connectTimeoutMS=10000, readTimeoutMS=0, receiveBufferSize=0, proxySettings=ProxySettings{host=null, port=null, username=null, password=null}}, heartbeatSocketSettings=SocketSettings{connectTimeoutMS=10000, readTimeoutMS=10000, receiveBufferSize=0, proxySettings=ProxySettings{host=null, port=null, username=null, password=null}}, connectionPoolSettings=ConnectionPoolSettings{maxSize=100, minSize=0, maxWaitTimeMS=120000, maxConnectionLifeTimeMS=0, maxConnectionIdleTimeMS=0, maintenanceInitialDelayMS=0, maintenanceFrequencyMS=60000, connectionPoolListeners=[], maxConnecting=2}, serverSettings=ServerSettings{heartbeatFrequencyMS=10000, minHeartbeatFrequencyMS=500, serverMonitoringMode=AUTO, serverListeners='[]', serverMonitorListeners='[]'}, sslSettings=SslSettings{enabled=true, invalidHostNameAllowed=false, context=null}, applicationName='Cluster0', compressorList=[], uuidRepresentation=JAVA_LEGACY, serverApi=null, autoEncryptionSettings=null, dnsClient=null, inetAddressResolver=null, contextProvider=null, timeoutMS=null}
2025-04-26T02:00:06.100+05:30  INFO 18816 --- [demo] [kxf.mongodb.net] org.mongodb.driver.cluster               : Adding discovered server cluster0-shard-00-02.fqkxf.mongodb.net:27017 to client view of cluster
2025-04-26T02:00:06.107+05:30  INFO 18816 --- [demo] [kxf.mongodb.net] org.mongodb.driver.cluster               : Adding discovered server cluster0-shard-00-00.fqkxf.mongodb.net:27017 to client view of cluster
2025-04-26T02:00:07.310+05:30  INFO 18816 --- [demo] [ngodb.net:27017] org.mongodb.driver.cluster               : Monitor thread successfully connected to server with description ServerDescription{address=cluster0-shard-00-01.fqkxf.mongodb.net:27017, type=REPLICA_SET_SECONDARY, cryptd=false, state=CONNECTED, ok=true, minWireVersion=0, maxWireVersion=25, maxDocumentSize=16777216, logicalSessionTimeoutMinutes=30, roundTripTimeNanos=595711000, minRoundTripTimeNanos=0, setName='atlas-11e8sp-shard-0', canonicalAddress=cluster0-shard-00-01.fqkxf.mongodb.net:27017, hosts=[cluster0-shard-00-00.fqkxf.mongodb.net:27017, cluster0-shard-00-02.fqkxf.mongodb.net:27017, cluster0-shard-00-01.fqkxf.mongodb.net:27017], passives=[], arbiters=[], primary='cluster0-shard-00-02.fqkxf.mongodb.net:27017', tagSet=TagSet{[Tag{name='availabilityZone', value='aps1-az3'}, Tag{name='diskState', value='READY'}, Tag{name='nodeType', value='ELECTABLE'}, Tag{name='provider', value='AWS'}, Tag{name='region', value='AP_SOUTH_1'}, Tag{name='workloadType', value='OPERATIONAL'}]}, electionId=null, setVersion=1, topologyVersion=TopologyVersion{processId=680b4cc9fe37ac3d5d48cffb, counter=3}, lastWriteDate=Sat Apr 26 02:00:07 IST 2025, lastUpdateTimeNanos=64154282815400}
2025-04-26T02:00:07.311+05:30  INFO 18816 --- [demo] [ngodb.net:27017] org.mongodb.driver.cluster               : Monitor thread successfully connected to server with description ServerDescription{address=cluster0-shard-00-00.fqkxf.mongodb.net:27017, type=REPLICA_SET_SECONDARY, cryptd=false, state=CONNECTED, ok=true, minWireVersion=0, maxWireVersion=25, maxDocumentSize=16777216, logicalSessionTimeoutMinutes=30, roundTripTimeNanos=595391700, minRoundTripTimeNanos=0, setName='atlas-11e8sp-shard-0', canonicalAddress=cluster0-shard-00-00.fqkxf.mongodb.net:27017, hosts=[cluster0-shard-00-00.fqkxf.mongodb.net:27017, cluster0-shard-00-02.fqkxf.mongodb.net:27017, cluster0-shard-00-01.fqkxf.mongodb.net:27017], passives=[], arbiters=[], primary='cluster0-shard-00-02.fqkxf.mongodb.net:27017', tagSet=TagSet{[Tag{name='availabilityZone', value='aps1-az1'}, Tag{name='diskState', value='READY'}, Tag{name='nodeType', value='ELECTABLE'}, Tag{name='provider', value='AWS'}, Tag{name='region', value='AP_SOUTH_1'}, Tag{name='workloadType', value='OPERATIONAL'}]}, electionId=null, setVersion=1, topologyVersion=TopologyVersion{processId=680b4a06da111c65ecd3d4fa, counter=4}, lastWriteDate=Sat Apr 26 02:00:07 IST 2025, lastUpdateTimeNanos=64154282815400}
2025-04-26T02:00:07.311+05:30  INFO 18816 --- [demo] [ngodb.net:27017] org.mongodb.driver.cluster               : Monitor thread successfully connected to server with description ServerDescription{address=cluster0-shard-00-02.fqkxf.mongodb.net:27017, type=REPLICA_SET_PRIMARY, cryptd=false, state=CONNECTED, ok=true, minWireVersion=0, maxWireVersion=25, maxDocumentSize=16777216, logicalSessionTimeoutMinutes=30, roundTripTimeNanos=602865300, minRoundTripTimeNanos=0, setName='atlas-11e8sp-shard-0', canonicalAddress=cluster0-shard-00-02.fqkxf.mongodb.net:27017, hosts=[cluster0-shard-00-00.fqkxf.mongodb.net:27017, cluster0-shard-00-02.fqkxf.mongodb.net:27017, cluster0-shard-00-01.fqkxf.mongodb.net:27017], passives=[], arbiters=[], primary='cluster0-shard-00-02.fqkxf.mongodb.net:27017', tagSet=TagSet{[Tag{name='availabilityZone', value='aps1-az2'}, Tag{name='diskState', value='READY'}, Tag{name='nodeType', value='ELECTABLE'}, Tag{name='provider', value='AWS'}, Tag{name='region', value='AP_SOUTH_1'}, Tag{name='workloadType', value='OPERATIONAL'}]}, electionId=7fffffff00000000000000e3, setVersion=1, topologyVersion=TopologyVersion{processId=680b4b4f89854ac47a630f7e, counter=6}, lastWriteDate=Sat Apr 26 02:00:07 IST 2025, lastUpdateTimeNanos=64154282815100}
2025-04-26T02:00:07.316+05:30  INFO 18816 --- [demo] [ngodb.net:27017] org.mongodb.driver.cluster               : Discovered replica set primary cluster0-shard-00-02.fqkxf.mongodb.net:27017 with max election id 7fffffff00000000000000e3 and max set version 1
2025-04-26T02:00:07.685+05:30  INFO 18816 --- [demo] [           main] com.example.demo.DemoApplicationTests    : Started DemoApplicationTests in 4.16 seconds (process running for 5.758)
]]></system-out>
  </testcase>
</testsuite>